<?xml version="1.0" encoding="UTF-8"?>
<!-- Generated by org.testng.reporters.JUnitReportReporter -->
<testsuite hostname="MSI" failures="0" tests="1" name="testcases.TestButtons" time="9.767" errors="0" timestamp="2023-08-23T13:49:26 IST" skipped="0">
  <testcase classname="testcases.TestButtons" name="testButton" time="9.767"/>
</testsuite> <!-- testcases.TestButtons -->
