<?xml version="1.0" encoding="UTF-8"?>
<!-- Generated by org.testng.reporters.JUnitReportReporter -->
<testsuite hostname="MSI" failures="0" tests="1" name="testcases.HandleName" time="7.788" errors="0" timestamp="2023-08-23T13:49:26 IST" skipped="0">
  <testcase classname="testcases.HandleName" name="nameTest" time="7.788"/>
</testsuite> <!-- testcases.HandleName -->
