<?xml version="1.0" encoding="UTF-8"?>
<!-- Generated by org.testng.reporters.JUnitReportReporter -->
<testsuite hostname="MSI" failures="0" tests="1" name="testcases.HandleName" time="7.215" errors="0" timestamp="2023-08-24T14:24:44 IST" skipped="0">
  <testcase classname="testcases.HandleName" name="nameTest" time="7.215"/>
</testsuite> <!-- testcases.HandleName -->
