<?xml version="1.0" encoding="UTF-8"?>
<!-- Generated by org.testng.reporters.JUnitReportReporter -->
<testsuite hostname="MSI" failures="0" tests="1" name="testcases.HandleOrderNumber" time="8.126" errors="0" timestamp="2023-08-24T14:24:44 IST" skipped="0">
  <testcase classname="testcases.HandleOrderNumber" name="ONtest" time="8.126"/>
</testsuite> <!-- testcases.HandleOrderNumber -->
